{"C:\\Users\\dafontecha\\Documents\\AndreyFt\\Git-Masters_V2\\backend\\src\\modules\\auth\\controller\\auth.controller.js": {"path":"C:\\Users\\dafontecha\\Documents\\AndreyFt\\Git-Masters_V2\\backend\\src\\modules\\auth\\controller\\auth.controller.js","statementMap":{"0":{"start":{"line":10,"column":31},"end":{"line":10,"column":89}},"1":{"start":{"line":13,"column":30},"end":{"line":24,"column":1}},"2":{"start":{"line":14,"column":2},"end":{"line":23,"column":21}},"3":{"start":{"line":15,"column":4},"end":{"line":17,"column":5}},"4":{"start":{"line":16,"column":6},"end":{"line":16,"column":70}},"5":{"start":{"line":20,"column":4},"end":{"line":20,"column":35}},"6":{"start":{"line":22,"column":4},"end":{"line":22,"column":65}},"7":{"start":{"line":27,"column":26},"end":{"line":50,"column":1}},"8":{"start":{"line":28,"column":2},"end":{"line":30,"column":3}},"9":{"start":{"line":29,"column":4},"end":{"line":29,"column":63}},"10":{"start":{"line":32,"column":2},"end":{"line":49,"column":3}},"11":{"start":{"line":34,"column":24},"end":{"line":34,"column":67}},"12":{"start":{"line":36,"column":4},"end":{"line":38,"column":5}},"13":{"start":{"line":37,"column":6},"end":{"line":37,"column":103}},"14":{"start":{"line":40,"column":25},"end":{"line":43,"column":5}},"15":{"start":{"line":45,"column":4},"end":{"line":45,"column":27}},"16":{"start":{"line":47,"column":4},"end":{"line":47,"column":51}},"17":{"start":{"line":48,"column":4},"end":{"line":48,"column":68}},"18":{"start":{"line":53,"column":22},"end":{"line":56,"column":1}},"19":{"start":{"line":55,"column":2},"end":{"line":55,"column":33}}},"fnMap":{"0":{"name":"(anonymous_0)","decl":{"start":{"line":13,"column":30},"end":{"line":13,"column":31}},"loc":{"start":{"line":13,"column":50},"end":{"line":24,"column":1}},"line":13},"1":{"name":"(anonymous_1)","decl":{"start":{"line":14,"column":54},"end":{"line":14,"column":55}},"loc":{"start":{"line":14,"column":75},"end":{"line":23,"column":3}},"line":14},"2":{"name":"(anonymous_2)","decl":{"start":{"line":27,"column":26},"end":{"line":27,"column":27}},"loc":{"start":{"line":27,"column":46},"end":{"line":50,"column":1}},"line":27},"3":{"name":"(anonymous_3)","decl":{"start":{"line":53,"column":22},"end":{"line":53,"column":23}},"loc":{"start":{"line":53,"column":42},"end":{"line":56,"column":1}},"line":53}},"branchMap":{"0":{"loc":{"start":{"line":15,"column":4},"end":{"line":17,"column":5}},"type":"if","locations":[{"start":{"line":15,"column":4},"end":{"line":17,"column":5}},{"start":{},"end":{}}],"line":15},"1":{"loc":{"start":{"line":15,"column":8},"end":{"line":15,"column":20}},"type":"binary-expr","locations":[{"start":{"line":15,"column":8},"end":{"line":15,"column":11}},{"start":{"line":15,"column":15},"end":{"line":15,"column":20}}],"line":15},"2":{"loc":{"start":{"line":28,"column":2},"end":{"line":30,"column":3}},"type":"if","locations":[{"start":{"line":28,"column":2},"end":{"line":30,"column":3}},{"start":{},"end":{}}],"line":28},"3":{"loc":{"start":{"line":36,"column":4},"end":{"line":38,"column":5}},"type":"if","locations":[{"start":{"line":36,"column":4},"end":{"line":38,"column":5}},{"start":{},"end":{}}],"line":36}},"s":{"0":1,"1":1,"2":2,"3":2,"4":1,"5":1,"6":1,"7":1,"8":2,"9":1,"10":1,"11":1,"12":1,"13":0,"14":1,"15":1,"16":0,"17":0,"18":1,"19":1},"f":{"0":2,"1":2,"2":2,"3":1},"b":{"0":[1,1],"1":[2,1],"2":[1,1],"3":[0,1]},"inputSourceMap":null,"_coverageSchema":"1a1c01bbd47fc00a2c39e90264f33305004495a9","hash":"28ed75c2ef4447e7aa0731fa3349ce63d6a753f4"}
,"C:\\Users\\dafontecha\\Documents\\AndreyFt\\Git-Masters_V2\\backend\\src\\modules\\auth\\routes\\auth.routes.js": {"path":"C:\\Users\\dafontecha\\Documents\\AndreyFt\\Git-Masters_V2\\backend\\src\\modules\\auth\\routes\\auth.routes.js","statementMap":{"0":{"start":{"line":3,"column":15},"end":{"line":3,"column":31}},"1":{"start":{"line":8,"column":0},"end":{"line":8,"column":39}},"2":{"start":{"line":12,"column":0},"end":{"line":15,"column":2}},"3":{"start":{"line":18,"column":0},"end":{"line":18,"column":43}},"4":{"start":{"line":21,"column":0},"end":{"line":21,"column":30}},"5":{"start":{"line":24,"column":0},"end":{"line":26,"column":3}},"6":{"start":{"line":25,"column":2},"end":{"line":25,"column":37}}},"fnMap":{"0":{"name":"(anonymous_0)","decl":{"start":{"line":24,"column":23},"end":{"line":24,"column":24}},"loc":{"start":{"line":24,"column":37},"end":{"line":26,"column":1}},"line":24}},"branchMap":{},"s":{"0":1,"1":1,"2":1,"3":1,"4":1,"5":1,"6":0},"f":{"0":0},"b":{},"inputSourceMap":null,"_coverageSchema":"1a1c01bbd47fc00a2c39e90264f33305004495a9","hash":"4b95222a3b2df4d0cc2dc99beb90b89b1aad551a"}
,"C:\\Users\\dafontecha\\Documents\\AndreyFt\\Git-Masters_V2\\backend\\src\\modules\\auth\\service\\auth.service.js": {"path":"C:\\Users\\dafontecha\\Documents\\AndreyFt\\Git-Masters_V2\\backend\\src\\modules\\auth\\service\\auth.service.js","statementMap":{"0":{"start":{"line":5,"column":15},"end":{"line":5,"column":33}},"1":{"start":{"line":8,"column":35},"end":{"line":17,"column":1}},"2":{"start":{"line":9,"column":16},"end":{"line":9,"column":75}},"3":{"start":{"line":11,"column":2},"end":{"line":16,"column":5}},"4":{"start":{"line":21,"column":34},"end":{"line":51,"column":1}},"5":{"start":{"line":22,"column":15},"end":{"line":33,"column":4}},"6":{"start":{"line":35,"column":2},"end":{"line":37,"column":3}},"7":{"start":{"line":36,"column":4},"end":{"line":36,"column":16}},"8":{"start":{"line":39,"column":17},"end":{"line":42,"column":5}},"9":{"start":{"line":39,"column":50},"end":{"line":42,"column":3}},"10":{"start":{"line":44,"column":22},"end":{"line":48,"column":3}},"11":{"start":{"line":50,"column":2},"end":{"line":50,"column":21}},"12":{"start":{"line":54,"column":30},"end":{"line":74,"column":1}},"13":{"start":{"line":55,"column":2},"end":{"line":73,"column":5}},"14":{"start":{"line":56,"column":4},"end":{"line":59,"column":5}},"15":{"start":{"line":57,"column":6},"end":{"line":57,"column":58}},"16":{"start":{"line":58,"column":6},"end":{"line":58,"column":23}},"17":{"start":{"line":61,"column":4},"end":{"line":72,"column":7}},"18":{"start":{"line":62,"column":6},"end":{"line":65,"column":7}},"19":{"start":{"line":63,"column":8},"end":{"line":63,"column":59}},"20":{"start":{"line":64,"column":8},"end":{"line":64,"column":81}},"21":{"start":{"line":67,"column":6},"end":{"line":69,"column":9}},"22":{"start":{"line":71,"column":6},"end":{"line":71,"column":79}}},"fnMap":{"0":{"name":"(anonymous_0)","decl":{"start":{"line":8,"column":35},"end":{"line":8,"column":36}},"loc":{"start":{"line":8,"column":50},"end":{"line":17,"column":1}},"line":8},"1":{"name":"(anonymous_1)","decl":{"start":{"line":21,"column":34},"end":{"line":21,"column":35}},"loc":{"start":{"line":21,"column":54},"end":{"line":51,"column":1}},"line":21},"2":{"name":"(anonymous_2)","decl":{"start":{"line":39,"column":41},"end":{"line":39,"column":42}},"loc":{"start":{"line":39,"column":50},"end":{"line":42,"column":3}},"line":39},"3":{"name":"(anonymous_3)","decl":{"start":{"line":54,"column":30},"end":{"line":54,"column":31}},"loc":{"start":{"line":54,"column":50},"end":{"line":74,"column":1}},"line":54},"4":{"name":"(anonymous_4)","decl":{"start":{"line":55,"column":13},"end":{"line":55,"column":14}},"loc":{"start":{"line":55,"column":22},"end":{"line":73,"column":3}},"line":55},"5":{"name":"(anonymous_5)","decl":{"start":{"line":61,"column":24},"end":{"line":61,"column":25}},"loc":{"start":{"line":61,"column":33},"end":{"line":72,"column":5}},"line":61}},"branchMap":{"0":{"loc":{"start":{"line":35,"column":2},"end":{"line":37,"column":3}},"type":"if","locations":[{"start":{"line":35,"column":2},"end":{"line":37,"column":3}},{"start":{},"end":{}}],"line":35},"1":{"loc":{"start":{"line":45,"column":12},"end":{"line":45,"column":35}},"type":"binary-expr","locations":[{"start":{"line":45,"column":12},"end":{"line":45,"column":30}},{"start":{"line":45,"column":34},"end":{"line":45,"column":35}}],"line":45},"2":{"loc":{"start":{"line":46,"column":11},"end":{"line":46,"column":35}},"type":"binary-expr","locations":[{"start":{"line":46,"column":11},"end":{"line":46,"column":30}},{"start":{"line":46,"column":34},"end":{"line":46,"column":35}}],"line":46},"3":{"loc":{"start":{"line":56,"column":4},"end":{"line":59,"column":5}},"type":"if","locations":[{"start":{"line":56,"column":4},"end":{"line":59,"column":5}},{"start":{},"end":{}}],"line":56},"4":{"loc":{"start":{"line":62,"column":6},"end":{"line":65,"column":7}},"type":"if","locations":[{"start":{"line":62,"column":6},"end":{"line":65,"column":7}},{"start":{},"end":{}}],"line":62}},"s":{"0":1,"1":1,"2":1,"3":1,"4":1,"5":2,"6":2,"7":1,"8":1,"9":1,"10":1,"11":1,"12":1,"13":2,"14":2,"15":0,"16":0,"17":2,"18":2,"19":1,"20":1,"21":1,"22":1},"f":{"0":1,"1":2,"2":1,"3":2,"4":2,"5":2},"b":{"0":[1,1],"1":[1,0],"2":[1,0],"3":[0,2],"4":[1,1]},"inputSourceMap":null,"_coverageSchema":"1a1c01bbd47fc00a2c39e90264f33305004495a9","hash":"0261216f8199de811467f207e417744170e6fa4a"}
,"C:\\Users\\dafontecha\\Documents\\AndreyFt\\Git-Masters_V2\\backend\\src\\modules\\events\\controller\\events.controller.js": {"path":"C:\\Users\\dafontecha\\Documents\\AndreyFt\\Git-Masters_V2\\backend\\src\\modules\\events\\controller\\events.controller.js","statementMap":{"0":{"start":{"line":4,"column":26},"end":{"line":32,"column":1}},"1":{"start":{"line":5,"column":2},"end":{"line":31,"column":3}},"2":{"start":{"line":7,"column":20},"end":{"line":15,"column":5}},"3":{"start":{"line":17,"column":23},"end":{"line":21,"column":5}},"4":{"start":{"line":24,"column":19},"end":{"line":24,"column":72}},"5":{"start":{"line":27,"column":4},"end":{"line":27,"column":28}},"6":{"start":{"line":29,"column":4},"end":{"line":29,"column":51}},"7":{"start":{"line":30,"column":4},"end":{"line":30,"column":54}},"8":{"start":{"line":35,"column":28},"end":{"line":55,"column":1}},"9":{"start":{"line":36,"column":2},"end":{"line":54,"column":3}},"10":{"start":{"line":38,"column":15},"end":{"line":38,"column":28}},"11":{"start":{"line":39,"column":27},"end":{"line":39,"column":83}},"12":{"start":{"line":42,"column":14},"end":{"line":42,"column":66}},"13":{"start":{"line":45,"column":4},"end":{"line":47,"column":5}},"14":{"start":{"line":46,"column":6},"end":{"line":46,"column":58}},"15":{"start":{"line":50,"column":4},"end":{"line":50,"column":23}},"16":{"start":{"line":52,"column":4},"end":{"line":52,"column":51}},"17":{"start":{"line":53,"column":4},"end":{"line":53,"column":54}}},"fnMap":{"0":{"name":"(anonymous_0)","decl":{"start":{"line":4,"column":26},"end":{"line":4,"column":27}},"loc":{"start":{"line":4,"column":46},"end":{"line":32,"column":1}},"line":4},"1":{"name":"(anonymous_1)","decl":{"start":{"line":35,"column":28},"end":{"line":35,"column":29}},"loc":{"start":{"line":35,"column":48},"end":{"line":55,"column":1}},"line":35}},"branchMap":{"0":{"loc":{"start":{"line":20,"column":12},"end":{"line":20,"column":48}},"type":"binary-expr","locations":[{"start":{"line":20,"column":12},"end":{"line":20,"column":26}},{"start":{"line":20,"column":30},"end":{"line":20,"column":48}}],"line":20},"1":{"loc":{"start":{"line":39,"column":28},"end":{"line":39,"column":51}},"type":"binary-expr","locations":[{"start":{"line":39,"column":28},"end":{"line":39,"column":45}},{"start":{"line":39,"column":49},"end":{"line":39,"column":51}}],"line":39},"2":{"loc":{"start":{"line":45,"column":4},"end":{"line":47,"column":5}},"type":"if","locations":[{"start":{"line":45,"column":4},"end":{"line":47,"column":5}},{"start":{},"end":{}}],"line":45}},"s":{"0":1,"1":3,"2":3,"3":3,"4":3,"5":2,"6":1,"7":1,"8":1,"9":4,"10":4,"11":4,"12":4,"13":3,"14":1,"15":2,"16":1,"17":1},"f":{"0":3,"1":4},"b":{"0":[3,2],"1":[4,3],"2":[1,2]},"inputSourceMap":null,"_coverageSchema":"1a1c01bbd47fc00a2c39e90264f33305004495a9","hash":"5ab4e4f7dae2617ec9456fd3e75d9b435fff034e"}
,"C:\\Users\\dafontecha\\Documents\\AndreyFt\\Git-Masters_V2\\backend\\src\\modules\\events\\routes\\events.routes.js": {"path":"C:\\Users\\dafontecha\\Documents\\AndreyFt\\Git-Masters_V2\\backend\\src\\modules\\events\\routes\\events.routes.js","statementMap":{"0":{"start":{"line":5,"column":15},"end":{"line":5,"column":31}},"1":{"start":{"line":9,"column":14},"end":{"line":9,"column":37}},"2":{"start":{"line":10,"column":2},"end":{"line":12,"column":3}},"3":{"start":{"line":11,"column":4},"end":{"line":11,"column":18}},"4":{"start":{"line":13,"column":2},"end":{"line":13,"column":37}},"5":{"start":{"line":16,"column":0},"end":{"line":16,"column":44}},"6":{"start":{"line":17,"column":0},"end":{"line":17,"column":49}}},"fnMap":{"0":{"name":"testBypassAuth","decl":{"start":{"line":8,"column":9},"end":{"line":8,"column":23}},"loc":{"start":{"line":8,"column":40},"end":{"line":14,"column":1}},"line":8}},"branchMap":{"0":{"loc":{"start":{"line":10,"column":2},"end":{"line":12,"column":3}},"type":"if","locations":[{"start":{"line":10,"column":2},"end":{"line":12,"column":3}},{"start":{},"end":{}}],"line":10},"1":{"loc":{"start":{"line":10,"column":6},"end":{"line":10,"column":66}},"type":"binary-expr","locations":[{"start":{"line":10,"column":6},"end":{"line":10,"column":30}},{"start":{"line":10,"column":34},"end":{"line":10,"column":66}}],"line":10}},"s":{"0":1,"1":4,"2":4,"3":2,"4":2,"5":1,"6":1},"f":{"0":4},"b":{"0":[2,2],"1":[4,4]},"inputSourceMap":null,"_coverageSchema":"1a1c01bbd47fc00a2c39e90264f33305004495a9","hash":"b692d58e1730a489a629fca619ea9f95d1a0a7e5"}
,"C:\\Users\\dafontecha\\Documents\\AndreyFt\\Git-Masters_V2\\backend\\src\\modules\\events\\service\\events.service.js": {"path":"C:\\Users\\dafontecha\\Documents\\AndreyFt\\Git-Masters_V2\\backend\\src\\modules\\events\\service\\events.service.js","statementMap":{"0":{"start":{"line":5,"column":14},"end":{"line":5,"column":16}},"1":{"start":{"line":6,"column":2},"end":{"line":10,"column":3}},"2":{"start":{"line":7,"column":4},"end":{"line":9,"column":5}},"3":{"start":{"line":8,"column":6},"end":{"line":8,"column":22}},"4":{"start":{"line":11,"column":2},"end":{"line":11,"column":13}},"5":{"start":{"line":16,"column":15},"end":{"line":19,"column":4}},"6":{"start":{"line":20,"column":2},"end":{"line":22,"column":3}},"7":{"start":{"line":21,"column":4},"end":{"line":21,"column":29}},"8":{"start":{"line":23,"column":2},"end":{"line":23,"column":14}},"9":{"start":{"line":33,"column":40},"end":{"line":33,"column":84}},"10":{"start":{"line":34,"column":2},"end":{"line":39,"column":4}},"11":{"start":{"line":38,"column":26},"end":{"line":38,"column":49}},"12":{"start":{"line":49,"column":12},"end":{"line":49,"column":41}},"13":{"start":{"line":50,"column":2},"end":{"line":52,"column":3}},"14":{"start":{"line":51,"column":4},"end":{"line":51,"column":16}},"15":{"start":{"line":53,"column":2},"end":{"line":53,"column":42}}},"fnMap":{"0":{"name":"pick","decl":{"start":{"line":4,"column":9},"end":{"line":4,"column":13}},"loc":{"start":{"line":4,"column":25},"end":{"line":12,"column":1}},"line":4},"1":{"name":"mapPublicItem","decl":{"start":{"line":15,"column":9},"end":{"line":15,"column":22}},"loc":{"start":{"line":15,"column":50},"end":{"line":24,"column":1}},"line":15},"2":{"name":"searchEvents","decl":{"start":{"line":32,"column":22},"end":{"line":32,"column":34}},"loc":{"start":{"line":32,"column":56},"end":{"line":40,"column":1}},"line":32},"3":{"name":"(anonymous_3)","decl":{"start":{"line":38,"column":21},"end":{"line":38,"column":22}},"loc":{"start":{"line":38,"column":26},"end":{"line":38,"column":49}},"line":38},"4":{"name":"getEventById","decl":{"start":{"line":48,"column":22},"end":{"line":48,"column":34}},"loc":{"start":{"line":48,"column":63},"end":{"line":54,"column":1}},"line":48}},"branchMap":{"0":{"loc":{"start":{"line":7,"column":4},"end":{"line":9,"column":5}},"type":"if","locations":[{"start":{"line":7,"column":4},"end":{"line":9,"column":5}},{"start":{},"end":{}}],"line":7},"1":{"loc":{"start":{"line":15,"column":26},"end":{"line":15,"column":48}},"type":"default-arg","locations":[{"start":{"line":15,"column":43},"end":{"line":15,"column":48}}],"line":15},"2":{"loc":{"start":{"line":20,"column":2},"end":{"line":22,"column":3}},"type":"if","locations":[{"start":{"line":20,"column":2},"end":{"line":22,"column":3}},{"start":{},"end":{}}],"line":20},"3":{"loc":{"start":{"line":48,"column":39},"end":{"line":48,"column":61}},"type":"default-arg","locations":[{"start":{"line":48,"column":56},"end":{"line":48,"column":61}}],"line":48},"4":{"loc":{"start":{"line":50,"column":2},"end":{"line":52,"column":3}},"type":"if","locations":[{"start":{"line":50,"column":2},"end":{"line":52,"column":3}},{"start":{},"end":{}}],"line":50}},"s":{"0":4,"1":4,"2":40,"3":38,"4":4,"5":4,"6":4,"7":1,"8":4,"9":1,"10":1,"11":2,"12":3,"13":3,"14":1,"15":2},"f":{"0":4,"1":4,"2":1,"3":2,"4":3},"b":{"0":[38,2],"1":[0],"2":[1,3],"3":[2],"4":[1,2]},"inputSourceMap":null,"_coverageSchema":"1a1c01bbd47fc00a2c39e90264f33305004495a9","hash":"bba2174f172f080ad19692920a02793205649c7c"}
,"C:\\Users\\dafontecha\\Documents\\AndreyFt\\Git-Masters_V2\\backend\\src\\modules\\webhooks\\controller\\webhook.controller.js": {"path":"C:\\Users\\dafontecha\\Documents\\AndreyFt\\Git-Masters_V2\\backend\\src\\modules\\webhooks\\controller\\webhook.controller.js","statementMap":{"0":{"start":{"line":3,"column":35},"end":{"line":29,"column":1}},"1":{"start":{"line":4,"column":23},"end":{"line":4,"column":55}},"2":{"start":{"line":5,"column":24},"end":{"line":5,"column":53}},"3":{"start":{"line":6,"column":20},"end":{"line":6,"column":28}},"4":{"start":{"line":8,"column":4},"end":{"line":10,"column":5}},"5":{"start":{"line":9,"column":8},"end":{"line":9,"column":77}},"6":{"start":{"line":12,"column":4},"end":{"line":28,"column":5}},"7":{"start":{"line":13,"column":23},"end":{"line":13,"column":81}},"8":{"start":{"line":15,"column":8},"end":{"line":17,"column":9}},"9":{"start":{"line":16,"column":12},"end":{"line":16,"column":58}},"10":{"start":{"line":18,"column":8},"end":{"line":20,"column":9}},"11":{"start":{"line":19,"column":12},"end":{"line":19,"column":72}},"12":{"start":{"line":23,"column":8},"end":{"line":23,"column":76}},"13":{"start":{"line":26,"column":8},"end":{"line":26,"column":84}},"14":{"start":{"line":27,"column":8},"end":{"line":27,"column":77}}},"fnMap":{"0":{"name":"(anonymous_0)","decl":{"start":{"line":3,"column":35},"end":{"line":3,"column":36}},"loc":{"start":{"line":3,"column":55},"end":{"line":29,"column":1}},"line":3}},"branchMap":{"0":{"loc":{"start":{"line":8,"column":4},"end":{"line":10,"column":5}},"type":"if","locations":[{"start":{"line":8,"column":4},"end":{"line":10,"column":5}},{"start":{},"end":{}}],"line":8},"1":{"loc":{"start":{"line":8,"column":8},"end":{"line":8,"column":35}},"type":"binary-expr","locations":[{"start":{"line":8,"column":8},"end":{"line":8,"column":20}},{"start":{"line":8,"column":24},"end":{"line":8,"column":35}}],"line":8},"2":{"loc":{"start":{"line":15,"column":8},"end":{"line":17,"column":9}},"type":"if","locations":[{"start":{"line":15,"column":8},"end":{"line":17,"column":9}},{"start":{},"end":{}}],"line":15},"3":{"loc":{"start":{"line":18,"column":8},"end":{"line":20,"column":9}},"type":"if","locations":[{"start":{"line":18,"column":8},"end":{"line":20,"column":9}},{"start":{},"end":{}}],"line":18}},"s":{"0":1,"1":5,"2":5,"3":5,"4":5,"5":1,"6":4,"7":4,"8":3,"9":1,"10":2,"11":1,"12":1,"13":1,"14":1},"f":{"0":5},"b":{"0":[1,4],"1":[5,4],"2":[1,2],"3":[1,1]},"inputSourceMap":null,"_coverageSchema":"1a1c01bbd47fc00a2c39e90264f33305004495a9","hash":"4fc3d575a71bebe1404ef632c508e08f495c9f45"}
,"C:\\Users\\dafontecha\\Documents\\AndreyFt\\Git-Masters_V2\\backend\\src\\modules\\webhooks\\routes\\webhook.routes.js": {"path":"C:\\Users\\dafontecha\\Documents\\AndreyFt\\Git-Masters_V2\\backend\\src\\modules\\webhooks\\routes\\webhook.routes.js","statementMap":{"0":{"start":{"line":7,"column":15},"end":{"line":7,"column":31}},"1":{"start":{"line":13,"column":0},"end":{"line":13,"column":67}}},"fnMap":{},"branchMap":{},"s":{"0":1,"1":1},"f":{},"b":{},"inputSourceMap":null,"_coverageSchema":"1a1c01bbd47fc00a2c39e90264f33305004495a9","hash":"f623c7c23ab4bfc3b58fe559009eebc7f095c177"}
,"C:\\Users\\dafontecha\\Documents\\AndreyFt\\Git-Masters_V2\\backend\\src\\modules\\webhooks\\service\\webhook.service.js": {"path":"C:\\Users\\dafontecha\\Documents\\AndreyFt\\Git-Masters_V2\\backend\\src\\modules\\webhooks\\service\\webhook.service.js","statementMap":{"0":{"start":{"line":11,"column":34},"end":{"line":50,"column":1}},"1":{"start":{"line":13,"column":4},"end":{"line":15,"column":5}},"2":{"start":{"line":14,"column":8},"end":{"line":14,"column":43}},"3":{"start":{"line":17,"column":25},"end":{"line":17,"column":65}},"4":{"start":{"line":18,"column":24},"end":{"line":18,"column":83}},"5":{"start":{"line":20,"column":19},"end":{"line":27,"column":5}},"6":{"start":{"line":29,"column":4},"end":{"line":49,"column":5}},"7":{"start":{"line":31,"column":27},"end":{"line":33,"column":10}},"8":{"start":{"line":34,"column":8},"end":{"line":34,"column":94}},"9":{"start":{"line":37,"column":8},"end":{"line":39,"column":11}},"10":{"start":{"line":38,"column":12},"end":{"line":38,"column":86}},"11":{"start":{"line":41,"column":8},"end":{"line":41,"column":64}},"12":{"start":{"line":43,"column":8},"end":{"line":46,"column":9}},"13":{"start":{"line":44,"column":12},"end":{"line":44,"column":79}},"14":{"start":{"line":45,"column":12},"end":{"line":45,"column":49}},"15":{"start":{"line":48,"column":8},"end":{"line":48,"column":18}}},"fnMap":{"0":{"name":"(anonymous_0)","decl":{"start":{"line":11,"column":34},"end":{"line":11,"column":35}},"loc":{"start":{"line":11,"column":80},"end":{"line":50,"column":1}},"line":11},"1":{"name":"(anonymous_1)","decl":{"start":{"line":37,"column":58},"end":{"line":37,"column":59}},"loc":{"start":{"line":37,"column":65},"end":{"line":39,"column":9}},"line":37}},"branchMap":{"0":{"loc":{"start":{"line":13,"column":4},"end":{"line":15,"column":5}},"type":"if","locations":[{"start":{"line":13,"column":4},"end":{"line":15,"column":5}},{"start":{},"end":{}}],"line":13},"1":{"loc":{"start":{"line":17,"column":25},"end":{"line":17,"column":65}},"type":"binary-expr","locations":[{"start":{"line":17,"column":25},"end":{"line":17,"column":57}},{"start":{"line":17,"column":61},"end":{"line":17,"column":65}}],"line":17},"2":{"loc":{"start":{"line":18,"column":24},"end":{"line":18,"column":83}},"type":"binary-expr","locations":[{"start":{"line":18,"column":24},"end":{"line":18,"column":48}},{"start":{"line":18,"column":52},"end":{"line":18,"column":75}},{"start":{"line":18,"column":79},"end":{"line":18,"column":83}}],"line":18},"3":{"loc":{"start":{"line":25,"column":16},"end":{"line":25,"column":41}},"type":"binary-expr","locations":[{"start":{"line":25,"column":16},"end":{"line":25,"column":33}},{"start":{"line":25,"column":37},"end":{"line":25,"column":41}}],"line":25},"4":{"loc":{"start":{"line":43,"column":8},"end":{"line":46,"column":9}},"type":"if","locations":[{"start":{"line":43,"column":8},"end":{"line":46,"column":9}},{"start":{},"end":{}}],"line":43},"5":{"loc":{"start":{"line":43,"column":12},"end":{"line":43,"column":77}},"type":"binary-expr","locations":[{"start":{"line":43,"column":12},"end":{"line":43,"column":32}},{"start":{"line":43,"column":36},"end":{"line":43,"column":77}}],"line":43}},"s":{"0":1,"1":5,"2":1,"3":4,"4":4,"5":4,"6":4,"7":4,"8":2,"9":2,"10":0,"11":2,"12":2,"13":1,"14":1,"15":1},"f":{"0":5,"1":0},"b":{"0":[1,4],"1":[4,2],"2":[4,4,2],"3":[4,3],"4":[1,1],"5":[2,1]},"inputSourceMap":null,"_coverageSchema":"1a1c01bbd47fc00a2c39e90264f33305004495a9","hash":"245c7e88ed11686c98f40a1dc46695371efa6519"}
}
