TN:
SF:src\modules\auth\controller\auth.controller.js
FN:13,(anonymous_0)
FN:14,(anonymous_1)
FN:27,(anonymous_2)
FN:53,(anonymous_3)
FNF:4
FNH:4
FNDA:2,(anonymous_0)
FNDA:2,(anonymous_1)
FNDA:2,(anonymous_2)
FNDA:1,(anonymous_3)
DA:10,1
DA:13,1
DA:14,2
DA:15,2
DA:16,1
DA:20,1
DA:22,1
DA:27,1
DA:28,2
DA:29,1
DA:32,1
DA:34,1
DA:36,1
DA:37,0
DA:40,1
DA:45,1
DA:47,0
DA:48,0
DA:53,1
DA:55,1
LF:20
LH:17
BRDA:15,0,0,1
BRDA:15,0,1,1
BRDA:15,1,0,2
BRDA:15,1,1,1
BRDA:28,2,0,1
BRDA:28,2,1,1
BRDA:36,3,0,0
BRDA:36,3,1,1
BRF:8
BRH:7
end_of_record
TN:
SF:src\modules\auth\routes\auth.routes.js
FN:24,(anonymous_0)
FNF:1
FNH:0
FNDA:0,(anonymous_0)
DA:3,1
DA:8,1
DA:12,1
DA:18,1
DA:21,1
DA:24,1
DA:25,0
LF:7
LH:6
BRF:0
BRH:0
end_of_record
TN:
SF:src\modules\auth\service\auth.service.js
FN:8,(anonymous_0)
FN:21,(anonymous_1)
FN:39,(anonymous_2)
FN:54,(anonymous_3)
FN:55,(anonymous_4)
FN:61,(anonymous_5)
FNF:6
FNH:6
FNDA:1,(anonymous_0)
FNDA:2,(anonymous_1)
FNDA:1,(anonymous_2)
FNDA:2,(anonymous_3)
FNDA:2,(anonymous_4)
FNDA:2,(anonymous_5)
DA:5,1
DA:8,1
DA:9,1
DA:11,1
DA:21,1
DA:22,2
DA:35,2
DA:36,1
DA:39,1
DA:44,1
DA:50,1
DA:54,1
DA:55,2
DA:56,2
DA:57,0
DA:58,0
DA:61,2
DA:62,2
DA:63,1
DA:64,1
DA:67,1
DA:71,1
LF:22
LH:20
BRDA:35,0,0,1
BRDA:35,0,1,1
BRDA:45,1,0,1
BRDA:45,1,1,0
BRDA:46,2,0,1
BRDA:46,2,1,0
BRDA:56,3,0,0
BRDA:56,3,1,2
BRDA:62,4,0,1
BRDA:62,4,1,1
BRF:10
BRH:7
end_of_record
TN:
SF:src\modules\events\controller\events.controller.js
FN:4,(anonymous_0)
FN:35,(anonymous_1)
FNF:2
FNH:2
FNDA:3,(anonymous_0)
FNDA:4,(anonymous_1)
DA:4,1
DA:5,3
DA:7,3
DA:17,3
DA:24,3
DA:27,2
DA:29,1
DA:30,1
DA:35,1
DA:36,4
DA:38,4
DA:39,4
DA:42,4
DA:45,3
DA:46,1
DA:50,2
DA:52,1
DA:53,1
LF:18
LH:18
BRDA:20,0,0,3
BRDA:20,0,1,2
BRDA:39,1,0,4
BRDA:39,1,1,3
BRDA:45,2,0,1
BRDA:45,2,1,2
BRF:6
BRH:6
end_of_record
TN:
SF:src\modules\events\routes\events.routes.js
FN:8,testBypassAuth
FNF:1
FNH:1
FNDA:4,testBypassAuth
DA:5,1
DA:9,4
DA:10,4
DA:11,2
DA:13,2
DA:16,1
DA:17,1
LF:7
LH:7
BRDA:10,0,0,2
BRDA:10,0,1,2
BRDA:10,1,0,4
BRDA:10,1,1,4
BRF:4
BRH:4
end_of_record
TN:
SF:src\modules\events\service\events.service.js
FN:4,pick
FN:15,mapPublicItem
FN:32,searchEvents
FN:38,(anonymous_3)
FN:48,getEventById
FNF:5
FNH:5
FNDA:4,pick
FNDA:4,mapPublicItem
FNDA:1,searchEvents
FNDA:2,(anonymous_3)
FNDA:3,getEventById
DA:5,4
DA:6,4
DA:7,40
DA:8,38
DA:11,4
DA:16,4
DA:20,4
DA:21,1
DA:23,4
DA:33,1
DA:34,1
DA:38,2
DA:49,3
DA:50,3
DA:51,1
DA:53,2
LF:16
LH:16
BRDA:7,0,0,38
BRDA:7,0,1,2
BRDA:15,1,0,0
BRDA:20,2,0,1
BRDA:20,2,1,3
BRDA:48,3,0,2
BRDA:50,4,0,1
BRDA:50,4,1,2
BRF:8
BRH:7
end_of_record
TN:
SF:src\modules\webhooks\controller\webhook.controller.js
FN:3,(anonymous_0)
FNF:1
FNH:1
FNDA:5,(anonymous_0)
DA:3,1
DA:4,5
DA:5,5
DA:6,5
DA:8,5
DA:9,1
DA:12,4
DA:13,4
DA:15,3
DA:16,1
DA:18,2
DA:19,1
DA:23,1
DA:26,1
DA:27,1
LF:15
LH:15
BRDA:8,0,0,1
BRDA:8,0,1,4
BRDA:8,1,0,5
BRDA:8,1,1,4
BRDA:15,2,0,1
BRDA:15,2,1,2
BRDA:18,3,0,1
BRDA:18,3,1,1
BRF:8
BRH:8
end_of_record
TN:
SF:src\modules\webhooks\routes\webhook.routes.js
FNF:0
FNH:0
DA:7,1
DA:13,1
LF:2
LH:2
BRF:0
BRH:0
end_of_record
TN:
SF:src\modules\webhooks\service\webhook.service.js
FN:11,(anonymous_0)
FN:37,(anonymous_1)
FNF:2
FNH:1
FNDA:5,(anonymous_0)
FNDA:0,(anonymous_1)
DA:11,1
DA:13,5
DA:14,1
DA:17,4
DA:18,4
DA:20,4
DA:29,4
DA:31,4
DA:34,2
DA:37,2
DA:38,0
DA:41,2
DA:43,2
DA:44,1
DA:45,1
DA:48,1
LF:16
LH:15
BRDA:13,0,0,1
BRDA:13,0,1,4
BRDA:17,1,0,4
BRDA:17,1,1,2
BRDA:18,2,0,4
BRDA:18,2,1,4
BRDA:18,2,2,2
BRDA:25,3,0,4
BRDA:25,3,1,3
BRDA:43,4,0,1
BRDA:43,4,1,1
BRDA:43,5,0,2
BRDA:43,5,1,1
BRF:13
BRH:13
end_of_record
